2024-05-20 13:03:34.139 - INFO 5348 --- [           main] c.e.b.BetrBackendApplicationTests        : Starting BetrBackendApplicationTests using Java 17.0.8.1 with PID 5348 (started by svp in /home/svp/Backend)
-2024-05-20 13:03:34.147 - INFO 5348 --- [           main] c.e.b.BetrBackendApplicationTests        : No active profile set, falling back to 1 default profile: "default"
-2024-05-20 13:03:34.733 - INFO 5348 --- [           main] .s.d.r.c.RepositoryConfigurationDelegate : Bootstrapping Spring Data JPA repositories in DEFAULT mode.
-2024-05-20 13:03:34.801 - INFO 5348 --- [           main] .s.d.r.c.RepositoryConfigurationDelegate : Finished Spring Data repository scanning in 58 ms. Found 5 JPA repository interfaces.
-2024-05-20 13:03:35.117 - INFO 5348 --- [           main] o.hibernate.jpa.internal.util.LogHelper  : HHH000204: Processing PersistenceUnitInfo [name: default]
-2024-05-20 13:03:35.185 - INFO 5348 --- [           main] org.hibernate.Version                    : HHH000412: Hibernate ORM core version 6.4.4.Final
-2024-05-20 13:03:35.221 - INFO 5348 --- [           main] o.h.c.internal.RegionFactoryInitiator    : HHH000026: Second-level cache disabled
-2024-05-20 13:03:35.431 - INFO 5348 --- [           main] o.s.o.j.p.SpringPersistenceUnitInfo      : No LoadTimeWeaver setup: ignoring JPA class transformer
-2024-05-20 13:03:35.458 - INFO 5348 --- [           main] com.zaxxer.hikari.HikariDataSource       : HikariPool-1 - Starting...
-2024-05-20 13:03:35.742 - INFO 5348 --- [           main] com.zaxxer.hikari.pool.HikariPool        : HikariPool-1 - Added connection com.mysql.cj.jdbc.ConnectionImpl@1657b017
-2024-05-20 13:03:35.744 - INFO 5348 --- [           main] com.zaxxer.hikari.HikariDataSource       : HikariPool-1 - Start completed.
-2024-05-20 13:03:36.621 - INFO 5348 --- [           main] o.h.e.t.j.p.i.JtaPlatformInitiator       : HHH000489: No JTA platform available (set 'hibernate.transaction.jta.platform' to enable JTA platform integration)
-2024-05-20 13:03:36.725 - INFO 5348 --- [           main] j.LocalContainerEntityManagerFactoryBean : Initialized JPA EntityManagerFactory for persistence unit 'default'
-2024-05-20 13:03:36.994 - INFO 5348 --- [           main] o.s.d.j.r.query.QueryEnhancerFactory     : Hibernate is in classpath; If applicable, HQL parser will be used.
-2024-05-20 13:03:37.456 - WARN 5348 --- [           main] JpaBaseConfiguration$JpaWebConfiguration : spring.jpa.open-in-view is enabled by default. Therefore, database queries may be performed during view rendering. Explicitly configure spring.jpa.open-in-view to disable this warning
-2024-05-20 13:03:37.690 - INFO 5348 --- [           main] c.e.b.BetrBackendApplicationTests        : Started BetrBackendApplicationTests in 3.833 seconds (process running for 4.666)
-2024-05-20 13:03:38.143 - INFO 5348 --- [ionShutdownHook] j.LocalContainerEntityManagerFactoryBean : Closing JPA EntityManagerFactory for persistence unit 'default'
-2024-05-20 13:03:38.146 - INFO 5348 --- [ionShutdownHook] com.zaxxer.hikari.HikariDataSource       : HikariPool-1 - Shutdown initiated...
-2024-05-20 13:03:38.156 - INFO 5348 --- [ionShutdownHook] com.zaxxer.hikari.HikariDataSource       : HikariPool-1 - Shutdown completed.
-