[2m2024-05-20 14:35:14.487[0;39m [32m- INFO[0;39m [35m19166[0;39m [2m---[0;39m [2m[           main][0;39m [36mc.e.betr_backend.BetrBackendApplication [0;39m [2m:[0;39m Starting BetrBackendApplication v0.0.1-SNAPSHOT using Java 17.0.8.1 with PID 19166 (/home/svp/Backend/target/BetrBackend-0.0.1-SNAPSHOT.jar started by svp in /home/svp/Backend/target)
-[2m2024-05-20 14:35:14.492[0;39m [32m- INFO[0;39m [35m19166[0;39m [2m---[0;39m [2m[           main][0;39m [36mc.e.betr_backend.BetrBackendApplication [0;39m [2m:[0;39m No active profile set, falling back to 1 default profile: "default"
-[2m2024-05-20 14:35:15.138[0;39m [32m- INFO[0;39m [35m19166[0;39m [2m---[0;39m [2m[           main][0;39m [36m.s.d.r.c.RepositoryConfigurationDelegate[0;39m [2m:[0;39m Bootstrapping Spring Data JPA repositories in DEFAULT mode.
-[2m2024-05-20 14:35:15.218[0;39m [32m- INFO[0;39m [35m19166[0;39m [2m---[0;39m [2m[           main][0;39m [36m.s.d.r.c.RepositoryConfigurationDelegate[0;39m [2m:[0;39m Finished Spring Data repository scanning in 71 ms. Found 5 JPA repository interfaces.
-[2m2024-05-20 14:35:15.805[0;39m [32m- INFO[0;39m [35m19166[0;39m [2m---[0;39m [2m[           main][0;39m [36mo.s.b.w.embedded.tomcat.TomcatWebServer [0;39m [2m:[0;39m Tomcat initialized with port 8081 (http)
-[2m2024-05-20 14:35:15.815[0;39m [32m- INFO[0;39m [35m19166[0;39m [2m---[0;39m [2m[           main][0;39m [36mo.apache.catalina.core.StandardService  [0;39m [2m:[0;39m Starting service [Tomcat]
-[2m2024-05-20 14:35:15.815[0;39m [32m- INFO[0;39m [35m19166[0;39m [2m---[0;39m [2m[           main][0;39m [36mo.apache.catalina.core.StandardEngine   [0;39m [2m:[0;39m Starting Servlet engine: [Apache Tomcat/10.1.20]
-[2m2024-05-20 14:35:15.849[0;39m [32m- INFO[0;39m [35m19166[0;39m [2m---[0;39m [2m[           main][0;39m [36mo.a.c.c.C.[Tomcat].[localhost].[/]      [0;39m [2m:[0;39m Initializing Spring embedded WebApplicationContext
-[2m2024-05-20 14:35:15.850[0;39m [32m- INFO[0;39m [35m19166[0;39m [2m---[0;39m [2m[           main][0;39m [36mw.s.c.ServletWebServerApplicationContext[0;39m [2m:[0;39m Root WebApplicationContext: initialization completed in 1288 ms
-[2m2024-05-20 14:35:16.032[0;39m [32m- INFO[0;39m [35m19166[0;39m [2m---[0;39m [2m[           main][0;39m [36mo.hibernate.jpa.internal.util.LogHelper [0;39m [2m:[0;39m HHH000204: Processing PersistenceUnitInfo [name: default]
-[2m2024-05-20 14:35:16.102[0;39m [32m- INFO[0;39m [35m19166[0;39m [2m---[0;39m [2m[           main][0;39m [36morg.hibernate.Version                   [0;39m [2m:[0;39m HHH000412: Hibernate ORM core version 6.4.4.Final
-[2m2024-05-20 14:35:16.145[0;39m [32m- INFO[0;39m [35m19166[0;39m [2m---[0;39m [2m[           main][0;39m [36mo.h.c.internal.RegionFactoryInitiator   [0;39m [2m:[0;39m HHH000026: Second-level cache disabled
-[2m2024-05-20 14:35:16.330[0;39m [32m- INFO[0;39m [35m19166[0;39m [2m---[0;39m [2m[           main][0;39m [36mo.s.o.j.p.SpringPersistenceUnitInfo     [0;39m [2m:[0;39m No LoadTimeWeaver setup: ignoring JPA class transformer
-[2m2024-05-20 14:35:16.364[0;39m [32m- INFO[0;39m [35m19166[0;39m [2m---[0;39m [2m[           main][0;39m [36mcom.zaxxer.hikari.HikariDataSource      [0;39m [2m:[0;39m HikariPool-1 - Starting...
-[2m2024-05-20 14:35:16.634[0;39m [32m- INFO[0;39m [35m19166[0;39m [2m---[0;39m [2m[           main][0;39m [36mcom.zaxxer.hikari.pool.HikariPool       [0;39m [2m:[0;39m HikariPool-1 - Added connection com.mysql.cj.jdbc.ConnectionImpl@7cc1f72c
-[2m2024-05-20 14:35:16.636[0;39m [32m- INFO[0;39m [35m19166[0;39m [2m---[0;39m [2m[           main][0;39m [36mcom.zaxxer.hikari.HikariDataSource      [0;39m [2m:[0;39m HikariPool-1 - Start completed.
-[2m2024-05-20 14:35:17.513[0;39m [32m- INFO[0;39m [35m19166[0;39m [2m---[0;39m [2m[           main][0;39m [36mo.h.e.t.j.p.i.JtaPlatformInitiator      [0;39m [2m:[0;39m HHH000489: No JTA platform available (set 'hibernate.transaction.jta.platform' to enable JTA platform integration)
-[2m2024-05-20 14:35:17.607[0;39m [32m- INFO[0;39m [35m19166[0;39m [2m---[0;39m [2m[           main][0;39m [36mj.LocalContainerEntityManagerFactoryBean[0;39m [2m:[0;39m Initialized JPA EntityManagerFactory for persistence unit 'default'
-[2m2024-05-20 14:35:17.938[0;39m [32m- INFO[0;39m [35m19166[0;39m [2m---[0;39m [2m[           main][0;39m [36mo.s.d.j.r.query.QueryEnhancerFactory    [0;39m [2m:[0;39m Hibernate is in classpath; If applicable, HQL parser will be used.
-[2m2024-05-20 14:35:18.598[0;39m [33m- WARN[0;39m [35m19166[0;39m [2m---[0;39m [2m[           main][0;39m [36mJpaBaseConfiguration$JpaWebConfiguration[0;39m [2m:[0;39m spring.jpa.open-in-view is enabled by default. Therefore, database queries may be performed during view rendering. Explicitly configure spring.jpa.open-in-view to disable this warning
-[2m2024-05-20 14:35:18.884[0;39m [32m- INFO[0;39m [35m19166[0;39m [2m---[0;39m [2m[           main][0;39m [36mo.s.b.w.embedded.tomcat.TomcatWebServer [0;39m [2m:[0;39m Tomcat started on port 8081 (http) with context path ''
-[2m2024-05-20 14:35:18.902[0;39m [32m- INFO[0;39m [35m19166[0;39m [2m---[0;39m [2m[           main][0;39m [36mc.e.betr_backend.BetrBackendApplication [0;39m [2m:[0;39m Started BetrBackendApplication in 5.066 seconds (process running for 5.445)
-[2m2024-05-20 14:35:30.446[0;39m [32m- INFO[0;39m [35m19166[0;39m [2m---[0;39m [2m[ionShutdownHook][0;39m [36mj.LocalContainerEntityManagerFactoryBean[0;39m [2m:[0;39m Closing JPA EntityManagerFactory for persistence unit 'default'
-[2m2024-05-20 14:35:30.450[0;39m [32m- INFO[0;39m [35m19166[0;39m [2m---[0;39m [2m[ionShutdownHook][0;39m [36mcom.zaxxer.hikari.HikariDataSource      [0;39m [2m:[0;39m HikariPool-1 - Shutdown initiated...
-[2m2024-05-20 14:35:30.457[0;39m [32m- INFO[0;39m [35m19166[0;39m [2m---[0;39m [2m[ionShutdownHook][0;39m [36mcom.zaxxer.hikari.HikariDataSource      [0;39m [2m:[0;39m HikariPool-1 - Shutdown completed.
-